Capston-final3/app/build/intermediates/manifest_merge_blame_file/debug/manifest-merger-blame-debug-report.txt
1<?xml version="1.0" encoding="utf-8"?>
2<manifest xmlns:android="http://schemas.android.com/apk/res/android"
3    package="com.example.capston"
4    android:versionCode="1"
5    android:versionName="1.0" >
6
7    <uses-sdk
8        android:minSdkVersion="21"
8-->src/main/AndroidManifest.xml
9        android:targetSdkVersion="30" />
9-->src/main/AndroidManifest.xml
10
11    <uses-permission android:name="android.permission.INTERNET" />
11-->src/main/AndroidManifest.xml:6:5-67
11-->src/main/AndroidManifest.xml:6:22-64
12    <uses-permission android:name="android.permission.ACCESS_NETWORK_STATE" />
12-->src/main/AndroidManifest.xml:7:5-79
12-->src/main/AndroidManifest.xml:7:22-76
13    <uses-permission android:name="android.permission.ACCESS_WIFI_STATE" />
13-->src/main/AndroidManifest.xml:8:5-76
13-->src/main/AndroidManifest.xml:8:22-73
14
15    <application
15-->src/main/AndroidManifest.xml:10:5-75:19
16        android:allowBackup="true"
16-->src/main/AndroidManifest.xml:11:9-35
17        android:appComponentFactory="androidx.core.app.CoreComponentFactory"
17-->[androidx.core:core:1.3.1] AndroidManifest.xml:24:18-86
18        android:debuggable="true"
19        android:icon="@mipmap/logo"
19-->src/main/AndroidManifest.xml:12:9-36
20        android:label="@string/app_name"
20-->src/main/AndroidManifest.xml:13:9-41
21        android:roundIcon="@mipmap/logo"
21-->src/main/AndroidManifest.xml:14:9-41
22        android:supportsRtl="true"
22-->src/main/AndroidManifest.xml:15:9-35
23        android:testOnly="true"
24        android:theme="@style/Theme.Capston"
24-->src/main/AndroidManifest.xml:16:9-45
25        android:usesCleartextTraffic="true" >
25-->src/main/AndroidManifest.xml:17:9-44
26        <activity android:name="com.example.capston.welcomePage" >
26-->src/main/AndroidManifest.xml:19:9-26:20
26-->src/main/AndroidManifest.xml:19:19-46
27            <intent-filter>
27-->src/main/AndroidManifest.xml:20:13-24:29
28                <action android:name="android.intent.action.MAIN" />
28-->src/main/AndroidManifest.xml:21:17-69
28-->src/main/AndroidManifest.xml:21:25-66
29
30                <category android:name="android.intent.category.LAUNCHER" />
30-->src/main/AndroidManifest.xml:23:17-77
30-->src/main/AndroidManifest.xml:23:27-74
31            </intent-filter>
32        </activity>
33        <activity
33-->src/main/AndroidManifest.xml:28:9-29:60
34            android:name="Care.CareActivity"
34-->src/main/AndroidManifest.xml:28:19-51
35            android:theme="@style/Theme.Capston.NoAction" />
35-->src/main/AndroidManifest.xml:29:13-58
36        <activity
36-->src/main/AndroidManifest.xml:31:9-32:60
37            android:name="Cleaning.EquipmentActivity"
37-->src/main/AndroidManifest.xml:31:19-60
38            android:theme="@style/Theme.Capston.NoAction" />
38-->src/main/AndroidManifest.xml:32:13-58
39        <activity
39-->src/main/AndroidManifest.xml:34:9-35:60
40            android:name="Disposal.DisposalActivity"
40-->src/main/AndroidManifest.xml:34:19-59
41            android:theme="@style/Theme.Capston.NoAction" />
41-->src/main/AndroidManifest.xml:35:13-58
42        <activity
42-->src/main/AndroidManifest.xml:37:9-38:60
43            android:name="Spraying.SprayingActivity"
43-->src/main/AndroidManifest.xml:37:19-59
44            android:theme="@style/Theme.Capston.NoAction" />
44-->src/main/AndroidManifest.xml:38:13-58
45        <activity
45-->src/main/AndroidManifest.xml:40:9-41:60
46            android:name="Mixing.MixingActivity"
46-->src/main/AndroidManifest.xml:40:19-55
47            android:theme="@style/Theme.Capston.NoAction" />
47-->src/main/AndroidManifest.xml:41:13-58
48        <activity
48-->src/main/AndroidManifest.xml:43:9-44:60
49            android:name="Storage.StorageActivity"
49-->src/main/AndroidManifest.xml:43:19-57
50            android:theme="@style/Theme.Capston.NoAction" />
50-->src/main/AndroidManifest.xml:44:13-58
51        <activity
51-->src/main/AndroidManifest.xml:46:9-48:20
52            android:name="My_plan.Snails.SnailsActivity"
52-->src/main/AndroidManifest.xml:46:19-63
53            android:theme="@style/Theme.Capston.NoAction" >
53-->src/main/AndroidManifest.xml:47:13-58
54        </activity>
55        <activity
55-->src/main/AndroidManifest.xml:49:9-50:60
56            android:name="My_plan.Rats.RatsActivity"
56-->src/main/AndroidManifest.xml:49:19-59
57            android:theme="@style/Theme.Capston.NoAction" />
57-->src/main/AndroidManifest.xml:50:13-58
58        <activity
58-->src/main/AndroidManifest.xml:51:9-53:61
59            android:name="My_plan.Weeds.WeedsActivity"
59-->src/main/AndroidManifest.xml:52:13-55
60            android:theme="@style/Theme.Capston.NoAction" />
60-->src/main/AndroidManifest.xml:53:13-58
61        <activity
61-->src/main/AndroidManifest.xml:54:9-56:61
62            android:name="My_plan.Disease.DiseasesActivity"
62-->src/main/AndroidManifest.xml:55:13-60
63            android:theme="@style/Theme.Capston.NoAction" />
63-->src/main/AndroidManifest.xml:56:13-58
64        <activity
64-->src/main/AndroidManifest.xml:57:9-59:61
65            android:name="My_plan.Insect.InsectsActivity"
65-->src/main/AndroidManifest.xml:58:13-58
66            android:theme="@style/Theme.Capston.NoAction" />
66-->src/main/AndroidManifest.xml:59:13-58
67        <activity
67-->src/main/AndroidManifest.xml:61:9-63:61
68            android:name="My_plan.Insect.Item1_Activity"
68-->src/main/AndroidManifest.xml:62:13-57
69            android:theme="@style/Theme.Capston.NoAction" />
69-->src/main/AndroidManifest.xml:63:13-58
70        <activity
70-->src/main/AndroidManifest.xml:64:9-66:61
71            android:name="My_plan.MyPlanActivity"
71-->src/main/AndroidManifest.xml:65:13-50
72            android:theme="@style/Theme.Capston.NoAction" />
72-->src/main/AndroidManifest.xml:66:13-58
73        <activity
73-->src/main/AndroidManifest.xml:68:9-70:124
74            android:name="Purchase.PurchaseActivity"
74-->src/main/AndroidManifest.xml:68:19-59
75            android:configChanges="keyboard|keyboardHidden|orientation|screenLayout|uiMode|screenSize|smallestScreenSize"
75-->src/main/AndroidManifest.xml:70:13-122
76            android:theme="@style/Theme.Capston.NoAction" />
76-->src/main/AndroidManifest.xml:69:13-58
77        <activity
77-->src/main/AndroidManifest.xml:71:9-74:20
78            android:name="com.example.capston.MainActivity"
78-->src/main/AndroidManifest.xml:71:19-47
79            android:theme="@style/Theme.Capston.NoAction" >
79-->src/main/AndroidManifest.xml:72:13-58
80        </activity>
81
82        <provider
82-->[com.squareup.picasso:picasso:2.71828] AndroidManifest.xml:8:9-11:40
83            android:name="com.squareup.picasso.PicassoProvider"
83-->[com.squareup.picasso:picasso:2.71828] AndroidManifest.xml:9:13-64
84            android:authorities="com.example.capston.com.squareup.picasso"
84-->[com.squareup.picasso:picasso:2.71828] AndroidManifest.xml:10:13-72
85            android:exported="false" />
85-->[com.squareup.picasso:picasso:2.71828] AndroidManifest.xml:11:13-37
86    </application>
87
88</manifest>